Building DAG of jobs...
Retrieving /n/netscratch/arguelles_delgado_lab/Everyone/jbook/fs/n/holylfs05/LABS/arguelles_delgado_lab/Lab/IceCube_MC/HNL/190303/Gen/1_0.i3.zst from storage.
Retrieving from storage: /n/holylfs05/LABS/arguelles_delgado_lab/Lab/IceCube_MC/HNL/190303/Gen/1_0.i3.zst
Finished retrieval.
SLURM run ID: 2ac45d6f-b37b-421e-ad5d-4aa43f8aa352
Using shell: /usr/bin/bash
Provided remote nodes: 10
Job stats:
job         count
--------  -------
all             1
detector        1
photon          1
step4           1
total           4

Select jobs to execute...
Execute 1 jobs...

[Wed Dec  4 12:50:27 2024]
rule photon:
    input: /n/holylfs05/LABS/arguelles_delgado_lab/Lab/IceCube_MC/HNL/190303/Gen/1_0.i3.zst (retrieve from storage)
    output: /n/holylfs05/LABS/arguelles_delgado_lab/Lab/IceCube_MC/HNL/Upgrade1/190303/Phot/1_0.i3.zst (send to storage)
    jobid: 3
    reason: Missing output files: /n/holylfs05/LABS/arguelles_delgado_lab/Lab/IceCube_MC/HNL/Upgrade1/190303/Phot/1_0.i3.zst (send to storage)
    wildcards: array_number=1, file_number=0
    resources: mem_mb=12000, mem_mib=11445, disk_mb=1000, disk_mib=954, tmpdir=<TBD>, slurm_account=arguelles_delgado_lab, slurm_partition=arguelles_delgado_gpu, runtime=450, slurm_extra='--gres=gpu:4'

set +u; eval `/cvmfs/icecube.opensciencegrid.org/py3-v4.2.1/setup.sh`; export PYTHONPATH=$PYTHONPATH:/n/holylfs05/LABS/arguelles_delgado_lab/Everyone/jbook/upgrade_HNL/fridge; /n/holylfs05/LABS/arguelles_delgado_lab/Everyone/jbook/upgrade_HNL/icetray_upgrade/build_py3-v4.2.1/env-shell.sh python /n/holylfs05/LABS/arguelles_delgado_lab/Everyone/jbook/upgrade_HNL/icetray_upgrade/icetray/oscNext/resources/scripts/mc_production/step2_G4_photon_prop.py --gcdfile '/cvmfs/icecube.opensciencegrid.org/data/GCD/GeoCalibDetectorStatus_AVG_55697-57531_PASS2_SPE_withScaledNoise.i3.gz' --infile /n/netscratch/arguelles_delgado_lab/Everyone/jbook/fs/n/holylfs05/LABS/arguelles_delgado_lab/Lab/IceCube_MC/HNL/190303/Gen/1_0.i3.zst --outfile /n/netscratch/arguelles_delgado_lab/Everyone/jbook/fs/n/holylfs05/LABS/arguelles_delgado_lab/Lab/IceCube_MC/HNL/Upgrade1/190303/Phot/1_0.i3.zst --runnumber 190303 --filenr 1000 --icemodel 'ICEMODEL/spice_bfr-v2' --holeice 'ANGSENS/angsens/as.flasher_p1_0.30_p2_-1' --efficiency 1.2 --gpu
Job 3 has been submitted with SLURM jobid 60837908 (log: /n/holylfs05/LABS/arguelles_delgado_lab/Everyone/jbook/upgrade_HNL/fridge/processing/samples/icu/snakemake/.snakemake/slurm_logs/rule_photon/1_0/60837908.log).
Storing in storage: /n/holylfs05/LABS/arguelles_delgado_lab/Lab/IceCube_MC/HNL/Upgrade1/190303/Phot/1_0.i3.zst
Finished upload.
Removing local copy of storage file: /n/netscratch/arguelles_delgado_lab/Everyone/jbook/fs/n/holylfs05/LABS/arguelles_delgado_lab/Lab/IceCube_MC/HNL/190303/Gen/1_0.i3.zst
[Wed Dec  4 13:00:09 2024]
Finished job 3.
1 of 4 steps (25%) done
Select jobs to execute...
Execute 1 jobs...

[Wed Dec  4 13:00:09 2024]
rule detector:
    input: /n/holylfs05/LABS/arguelles_delgado_lab/Lab/IceCube_MC/HNL/Upgrade1/190303/Phot/1_0.i3.zst (retrieve from storage)
    output: /n/holylfs05/LABS/arguelles_delgado_lab/Lab/IceCube_MC/HNL/Upgrade1/190303/Det/1_0.i3.zst (send to storage)
    jobid: 2
    reason: Missing output files: /n/holylfs05/LABS/arguelles_delgado_lab/Lab/IceCube_MC/HNL/Upgrade1/190303/Det/1_0.i3.zst (send to storage); Input files updated by another job: /n/holylfs05/LABS/arguelles_delgado_lab/Lab/IceCube_MC/HNL/Upgrade1/190303/Phot/1_0.i3.zst (retrieve from storage)
    wildcards: array_number=1, file_number=0
    resources: mem_mb=10000, mem_mib=9537, disk_mb=1000, disk_mib=954, tmpdir=<TBD>, slurm_account=arguelles_delgado_lab, slurm_partition=shared, runtime=60

set +u; eval `/cvmfs/icecube.opensciencegrid.org/py3-v4.2.1/setup.sh`; export PYTHONPATH=$PYTHONPATH:/n/holylfs05/LABS/arguelles_delgado_lab/Everyone/jbook/upgrade_HNL/fridge; /n/holylfs05/LABS/arguelles_delgado_lab/Everyone/jbook/upgrade_HNL/icetray_upgrade/build_py3-v4.2.1/env-shell.sh python /n/holylfs05/LABS/arguelles_delgado_lab/Everyone/jbook/upgrade_HNL/icetray_upgrade/icetray/oscNext/resources/scripts/mc_production/step3_hits_detector.py  --gcdfile /n/holylfs05/LABS/arguelles_delgado_lab/Everyone/kerrynguyen/GeoCalibDetectorStatus_ICUpgrade.v58.sDOM.V1.i3.bz2 --outfile /n/netscratch/arguelles_delgado_lab/Everyone/jbook/fs/n/holylfs05/LABS/arguelles_delgado_lab/Lab/IceCube_MC/HNL/Upgrade1/190303/Det/1_0.i3.zst --runnumber 190303 --filenr 1000 --mdomglass vitrovex --pulse_bin_width 2.0 --infile /n/netscratch/arguelles_delgado_lab/Everyone/jbook/fs/n/holylfs05/LABS/arguelles_delgado_lab/Lab/IceCube_MC/HNL/Upgrade1/190303/Phot/1_0.i3.zst --holeice ANGSENS/angsens/as.flasher_p1_0.30_p2_-1 --efficiency 1.0
Job 2 has been submitted with SLURM jobid 60838993 (log: /n/holylfs05/LABS/arguelles_delgado_lab/Everyone/jbook/upgrade_HNL/fridge/processing/samples/icu/snakemake/.snakemake/slurm_logs/rule_detector/1_0/60838993.log).
Storing in storage: /n/holylfs05/LABS/arguelles_delgado_lab/Lab/IceCube_MC/HNL/Upgrade1/190303/Det/1_0.i3.zst
Finished upload.
Removing local copy of storage file: /n/netscratch/arguelles_delgado_lab/Everyone/jbook/fs/n/holylfs05/LABS/arguelles_delgado_lab/Lab/IceCube_MC/HNL/Upgrade1/190303/Phot/1_0.i3.zst
[Wed Dec  4 13:06:09 2024]
Finished job 2.
2 of 4 steps (50%) done
Select jobs to execute...
Execute 1 jobs...

[Wed Dec  4 13:06:09 2024]
rule step4:
    input: /n/holylfs05/LABS/arguelles_delgado_lab/Lab/IceCube_MC/HNL/Upgrade1/190303/Det/1_0.i3.zst (retrieve from storage)
    output: /n/holylfs05/LABS/arguelles_delgado_lab/Lab/IceCube_MC/HNL/Upgrade1/190303/Step4/1_0.i3.zst (send to storage)
    jobid: 1
    reason: Missing output files: /n/holylfs05/LABS/arguelles_delgado_lab/Lab/IceCube_MC/HNL/Upgrade1/190303/Step4/1_0.i3.zst (send to storage); Input files updated by another job: /n/holylfs05/LABS/arguelles_delgado_lab/Lab/IceCube_MC/HNL/Upgrade1/190303/Det/1_0.i3.zst (retrieve from storage)
    wildcards: array_number=1, file_number=0
    resources: mem_mb=24000, mem_mib=22889, disk_mb=1000, disk_mib=954, tmpdir=<TBD>, slurm_account=arguelles_delgado_lab, slurm_partition=shared, runtime=60

set +u; eval `/cvmfs/icecube.opensciencegrid.org/py3-v4.2.1/setup.sh`; export PYTHONPATH=$PYTHONPATH:/n/holylfs05/LABS/arguelles_delgado_lab/Everyone/jbook/upgrade_HNL/fridge; /n/holylfs05/LABS/arguelles_delgado_lab/Everyone/jbook/upgrade_HNL/icetray_upgrade/build_py3-v4.2.1/env-shell.sh python /n/holylfs05/LABS/arguelles_delgado_lab/Everyone/jbook/upgrade_HNL/icetray_upgrade/icetray/oscNext/resources/scripts/mc_production/step4_preprocessing.py --gcd /n/holylfs05/LABS/arguelles_delgado_lab/Everyone/kerrynguyen/GeoCalibDetectorStatus_ICUpgrade.v58.sDOM.V1.i3.bz2 --infile /n/netscratch/arguelles_delgado_lab/Everyone/jbook/fs/n/holylfs05/LABS/arguelles_delgado_lab/Lab/IceCube_MC/HNL/Upgrade1/190303/Det/1_0.i3.zst --outfile /n/netscratch/arguelles_delgado_lab/Everyone/jbook/fs/n/holylfs05/LABS/arguelles_delgado_lab/Lab/IceCube_MC/HNL/Upgrade1/190303/Step4/1_0.i3.zst
Job 1 has been submitted with SLURM jobid 60839425 (log: /n/holylfs05/LABS/arguelles_delgado_lab/Everyone/jbook/upgrade_HNL/fridge/processing/samples/icu/snakemake/.snakemake/slurm_logs/rule_step4/1_0/60839425.log).
Storing in storage: /n/holylfs05/LABS/arguelles_delgado_lab/Lab/IceCube_MC/HNL/Upgrade1/190303/Step4/1_0.i3.zst
Finished upload.
Removing local copy of storage file: /n/netscratch/arguelles_delgado_lab/Everyone/jbook/fs/n/holylfs05/LABS/arguelles_delgado_lab/Lab/IceCube_MC/HNL/Upgrade1/190303/Det/1_0.i3.zst
[Wed Dec  4 13:07:49 2024]
Finished job 1.
3 of 4 steps (75%) done
Select jobs to execute...
Execute 1 jobs...

[Wed Dec  4 13:07:49 2024]
rule all:
    input: /n/holylfs05/LABS/arguelles_delgado_lab/Lab/IceCube_MC/HNL/Upgrade1/190303/Step4/1_0.i3.zst (retrieve from storage)
    jobid: 0
    reason: Rules with a run or shell declaration but no output are always executed.
    resources: mem_mb=10000, mem_mib=9537, disk_mb=1000, disk_mib=954, tmpdir=<TBD>, slurm_account=arguelles_delgado_lab, slurm_partition=shared, runtime=60

Job 0 has been submitted with SLURM jobid 60839552 (log: /n/holylfs05/LABS/arguelles_delgado_lab/Everyone/jbook/upgrade_HNL/fridge/processing/samples/icu/snakemake/.snakemake/slurm_logs/rule_all/60839552.log).
Removing local copy of storage file: /n/netscratch/arguelles_delgado_lab/Everyone/jbook/fs/n/holylfs05/LABS/arguelles_delgado_lab/Lab/IceCube_MC/HNL/Upgrade1/190303/Step4/1_0.i3.zst
[Wed Dec  4 13:08:19 2024]
Finished job 0.
4 of 4 steps (100%) done
Complete log: .snakemake/log/2024-12-04T125026.899741.snakemake.log
