Building DAG of jobs...
Retrieving /n/holyscratch01/arguelles_delgado_lab/Users/jbook/fs/n/holylfs05/LABS/arguelles_delgado_lab/Lab/IceCube_MC/HNL/Upgrade1/190303/Phot/1_1.i3.zst from storage.
Retrieving /n/holyscratch01/arguelles_delgado_lab/Users/jbook/fs/n/holylfs05/LABS/arguelles_delgado_lab/Lab/IceCube_MC/HNL/Upgrade1/190303/Phot/0_1.i3.zst from storage.
Retrieving from storage: /n/holylfs05/LABS/arguelles_delgado_lab/Lab/IceCube_MC/HNL/Upgrade1/190303/Phot/1_1.i3.zst
Finished retrieval.
Retrieving from storage: /n/holylfs05/LABS/arguelles_delgado_lab/Lab/IceCube_MC/HNL/Upgrade1/190303/Phot/0_1.i3.zst
Finished retrieval.
SLURM run ID: b83db7a1-6c9c-4b3a-87a3-856c42c4e38c
Using shell: /usr/bin/bash
Provided remote nodes: 10
Job stats:
job         count
--------  -------
all             1
detector        2
step4           2
total           5

Select jobs to execute...
Execute 2 jobs...

[Wed Nov 27 16:38:55 2024]
rule detector:
    input: /n/holylfs05/LABS/arguelles_delgado_lab/Lab/IceCube_MC/HNL/Upgrade1/190303/Phot/0_1.i3.zst (retrieve from storage)
    output: /n/holylfs05/LABS/arguelles_delgado_lab/Lab/IceCube_MC/HNL/Upgrade1/190303/Det/0_1.i3.zst (send to storage)
    jobid: 2
    reason: Missing output files: /n/holylfs05/LABS/arguelles_delgado_lab/Lab/IceCube_MC/HNL/Upgrade1/190303/Det/0_1.i3.zst (send to storage)
    wildcards: array_number=0, file_number=1
    resources: mem_mb=10000, mem_mib=9537, disk_mb=1000, disk_mib=954, tmpdir=<TBD>, slurm_account=arguelles_delgado_lab, slurm_partition=shared, runtime=60

set +u; eval `/cvmfs/icecube.opensciencegrid.org/py3-v4.2.1/setup.sh`; export PYTHONPATH=$PYTHONPATH:/n/holylfs05/LABS/arguelles_delgado_lab/Everyone/jbook/upgrade_HNL/fridge; /n/holylfs05/LABS/arguelles_delgado_lab/Everyone/jbook/upgrade_HNL/icetray_upgrade/build_py3-v4.2.1/env-shell.sh python /n/holylfs05/LABS/arguelles_delgado_lab/Everyone/jbook/upgrade_HNL/icetray_upgrade/icetray/oscNext/resources/scripts/mc_production/step3_hits_detector.py  --gcdfile /data/sim/IceCubeUpgrade/geometries/GCDs/GeoCalibDetectorStatus_ICUpgrade.v58.mixed.V1.i3.bz2 --outfile /n/holyscratch01/arguelles_delgado_lab/Users/jbook/fs/n/holylfs05/LABS/arguelles_delgado_lab/Lab/IceCube_MC/HNL/Upgrade1/190303/Det/0_1.i3.zst --runnumber 190303 --filenr 1 --mdomglass vitrovex --pulse_bin_width 2.0 --infile /n/holyscratch01/arguelles_delgado_lab/Users/jbook/fs/n/holylfs05/LABS/arguelles_delgado_lab/Lab/IceCube_MC/HNL/Upgrade1/190303/Phot/0_1.i3.zst --holeice ANGSENS/angsens/as.flasher_p1_0.30_p2_-1 --efficiency 1.0
Job 2 has been submitted with SLURM jobid 59934759 (log: /n/holylfs05/LABS/arguelles_delgado_lab/Everyone/jbook/upgrade_HNL/fridge/processing/samples/icu/snakemake/.snakemake/slurm_logs/rule_detector/0_1/59934759.log).

[Wed Nov 27 16:38:57 2024]
rule detector:
    input: /n/holylfs05/LABS/arguelles_delgado_lab/Lab/IceCube_MC/HNL/Upgrade1/190303/Phot/1_1.i3.zst (retrieve from storage)
    output: /n/holylfs05/LABS/arguelles_delgado_lab/Lab/IceCube_MC/HNL/Upgrade1/190303/Det/1_1.i3.zst (send to storage)
    jobid: 6
    reason: Missing output files: /n/holylfs05/LABS/arguelles_delgado_lab/Lab/IceCube_MC/HNL/Upgrade1/190303/Det/1_1.i3.zst (send to storage)
    wildcards: array_number=1, file_number=1
    resources: mem_mb=10000, mem_mib=9537, disk_mb=1000, disk_mib=954, tmpdir=<TBD>, slurm_account=arguelles_delgado_lab, slurm_partition=shared, runtime=60

set +u; eval `/cvmfs/icecube.opensciencegrid.org/py3-v4.2.1/setup.sh`; export PYTHONPATH=$PYTHONPATH:/n/holylfs05/LABS/arguelles_delgado_lab/Everyone/jbook/upgrade_HNL/fridge; /n/holylfs05/LABS/arguelles_delgado_lab/Everyone/jbook/upgrade_HNL/icetray_upgrade/build_py3-v4.2.1/env-shell.sh python /n/holylfs05/LABS/arguelles_delgado_lab/Everyone/jbook/upgrade_HNL/icetray_upgrade/icetray/oscNext/resources/scripts/mc_production/step3_hits_detector.py  --gcdfile /data/sim/IceCubeUpgrade/geometries/GCDs/GeoCalibDetectorStatus_ICUpgrade.v58.mixed.V1.i3.bz2 --outfile /n/holyscratch01/arguelles_delgado_lab/Users/jbook/fs/n/holylfs05/LABS/arguelles_delgado_lab/Lab/IceCube_MC/HNL/Upgrade1/190303/Det/1_1.i3.zst --runnumber 190303 --filenr 1001 --mdomglass vitrovex --pulse_bin_width 2.0 --infile /n/holyscratch01/arguelles_delgado_lab/Users/jbook/fs/n/holylfs05/LABS/arguelles_delgado_lab/Lab/IceCube_MC/HNL/Upgrade1/190303/Phot/1_1.i3.zst --holeice ANGSENS/angsens/as.flasher_p1_0.30_p2_-1 --efficiency 1.0
Job 6 has been submitted with SLURM jobid 59934761 (log: /n/holylfs05/LABS/arguelles_delgado_lab/Everyone/jbook/upgrade_HNL/fridge/processing/samples/icu/snakemake/.snakemake/slurm_logs/rule_detector/1_1/59934761.log).
[Wed Nov 27 16:50:25 2024]
Error in rule detector:
    message: SLURM-job '59934759' failed, SLURM status is: 'FAILED'. For further error details see the cluster/cloud log and the log files of the involved rule(s).
    jobid: 2
    input: /n/holylfs05/LABS/arguelles_delgado_lab/Lab/IceCube_MC/HNL/Upgrade1/190303/Phot/0_1.i3.zst (retrieve from storage)
    output: /n/holylfs05/LABS/arguelles_delgado_lab/Lab/IceCube_MC/HNL/Upgrade1/190303/Det/0_1.i3.zst (send to storage)
    log: /n/holylfs05/LABS/arguelles_delgado_lab/Everyone/jbook/upgrade_HNL/fridge/processing/samples/icu/snakemake/.snakemake/slurm_logs/rule_detector/0_1/59934759.log (check log file(s) for error details)
    shell:
        set +u; eval `/cvmfs/icecube.opensciencegrid.org/py3-v4.2.1/setup.sh`; export PYTHONPATH=$PYTHONPATH:/n/holylfs05/LABS/arguelles_delgado_lab/Everyone/jbook/upgrade_HNL/fridge; /n/holylfs05/LABS/arguelles_delgado_lab/Everyone/jbook/upgrade_HNL/icetray_upgrade/build_py3-v4.2.1/env-shell.sh python /n/holylfs05/LABS/arguelles_delgado_lab/Everyone/jbook/upgrade_HNL/icetray_upgrade/icetray/oscNext/resources/scripts/mc_production/step3_hits_detector.py  --gcdfile /data/sim/IceCubeUpgrade/geometries/GCDs/GeoCalibDetectorStatus_ICUpgrade.v58.mixed.V1.i3.bz2 --outfile /n/holyscratch01/arguelles_delgado_lab/Users/jbook/fs/n/holylfs05/LABS/arguelles_delgado_lab/Lab/IceCube_MC/HNL/Upgrade1/190303/Det/0_1.i3.zst --runnumber 190303 --filenr 1 --mdomglass vitrovex --pulse_bin_width 2.0 --infile /n/holyscratch01/arguelles_delgado_lab/Users/jbook/fs/n/holylfs05/LABS/arguelles_delgado_lab/Lab/IceCube_MC/HNL/Upgrade1/190303/Phot/0_1.i3.zst --holeice ANGSENS/angsens/as.flasher_p1_0.30_p2_-1 --efficiency 1.0
        (one of the commands exited with non-zero exit code; note that snakemake uses bash strict mode!)
    external_jobid: 59934759

[Wed Nov 27 16:50:25 2024]
Error in rule detector:
    message: SLURM-job '59934761' failed, SLURM status is: 'FAILED'. For further error details see the cluster/cloud log and the log files of the involved rule(s).
    jobid: 6
    input: /n/holylfs05/LABS/arguelles_delgado_lab/Lab/IceCube_MC/HNL/Upgrade1/190303/Phot/1_1.i3.zst (retrieve from storage)
    output: /n/holylfs05/LABS/arguelles_delgado_lab/Lab/IceCube_MC/HNL/Upgrade1/190303/Det/1_1.i3.zst (send to storage)
    log: /n/holylfs05/LABS/arguelles_delgado_lab/Everyone/jbook/upgrade_HNL/fridge/processing/samples/icu/snakemake/.snakemake/slurm_logs/rule_detector/1_1/59934761.log (check log file(s) for error details)
    shell:
        set +u; eval `/cvmfs/icecube.opensciencegrid.org/py3-v4.2.1/setup.sh`; export PYTHONPATH=$PYTHONPATH:/n/holylfs05/LABS/arguelles_delgado_lab/Everyone/jbook/upgrade_HNL/fridge; /n/holylfs05/LABS/arguelles_delgado_lab/Everyone/jbook/upgrade_HNL/icetray_upgrade/build_py3-v4.2.1/env-shell.sh python /n/holylfs05/LABS/arguelles_delgado_lab/Everyone/jbook/upgrade_HNL/icetray_upgrade/icetray/oscNext/resources/scripts/mc_production/step3_hits_detector.py  --gcdfile /data/sim/IceCubeUpgrade/geometries/GCDs/GeoCalibDetectorStatus_ICUpgrade.v58.mixed.V1.i3.bz2 --outfile /n/holyscratch01/arguelles_delgado_lab/Users/jbook/fs/n/holylfs05/LABS/arguelles_delgado_lab/Lab/IceCube_MC/HNL/Upgrade1/190303/Det/1_1.i3.zst --runnumber 190303 --filenr 1001 --mdomglass vitrovex --pulse_bin_width 2.0 --infile /n/holyscratch01/arguelles_delgado_lab/Users/jbook/fs/n/holylfs05/LABS/arguelles_delgado_lab/Lab/IceCube_MC/HNL/Upgrade1/190303/Phot/1_1.i3.zst --holeice ANGSENS/angsens/as.flasher_p1_0.30_p2_-1 --efficiency 1.0
        (one of the commands exited with non-zero exit code; note that snakemake uses bash strict mode!)
    external_jobid: 59934761

Removing local copy of storage file: /n/holyscratch01/arguelles_delgado_lab/Users/jbook/fs/n/holylfs05/LABS/arguelles_delgado_lab/Lab/IceCube_MC/HNL/Upgrade1/190303/Phot/0_1.i3.zst
Removing local copy of storage file: /n/holyscratch01/arguelles_delgado_lab/Users/jbook/fs/n/holylfs05/LABS/arguelles_delgado_lab/Lab/IceCube_MC/HNL/Upgrade1/190303/Phot/1_1.i3.zst
Exiting because a job execution failed. Look above for error message
Complete log: .snakemake/log/2024-11-27T163852.032430.snakemake.log
WorkflowError:
At least one job did not complete successfully.
